#
# A fatal error has been detected by the Java Runtime Environment:
#
#  SIGBUS (0x7) at pc=0x00007f3df624a5ce, pid=8266, tid=139903368931072
#
# JRE version: Java(TM) SE Runtime Environment (8.0_73-b02) (build 1.8.0_73-b02)
# Java VM: Java HotSpot(TM) 64-Bit Server VM (25.73-b02 mixed mode linux-amd64 compressed oops)
# Problematic frame:
# V  [libjvm.so+0x95b5ce]  PerfLongVariant::sample()+0x1e
#
# Failed to write core dump. Core dumps have been disabled. To enable core dumping, try "ulimit -c unlimited" before starting Java again
#
# If you would like to submit a bug report, please visit:
#   http://bugreport.java.com/bugreport/crash.jsp
#

---------------  T H R E A D  ---------------

Current thread (0x00007f3df00cd800):  WatcherThread [stack: 0x00007f3dca8ba000,0x00007f3dca9bb000] [id=8280]

siginfo: si_signo: 7 (SIGBUS), si_code: 2 (BUS_ADRERR), si_addr: 0x00007f3df74c4420

Registers:
RAX=0x0000000000811510, RBX=0x00007f3df74c4420, RCX=0x0000000000000000, RDX=0x0000000000000032
RSP=0x00007f3dca9b9b00, RBP=0x00007f3dca9b9b10, RSI=0x0000000000000005, RDI=0x00007f3df0019570
R8 =0x00007f3df68a00e0, R9 =0x0000000000000001, R10=0x0000000000000000, R11=0x0000000005dc69e6
R12=0x0000000000000001, R13=0x00007f3df001b770, R14=0x00007f3df0007980, R15=0x0000000000000032
RIP=0x00007f3df624a5ce, EFLAGS=0x0000000000010202, CSGSFS=0x0000000000000033, ERR=0x0000000000000007
  TRAPNO=0x000000000000000e

Top of Stack: (sp=0x00007f3dca9b9b00)
0x00007f3dca9b9b00:   00007f3df0007980 0000000000000008
0x00007f3dca9b9b10:   00007f3dca9b9b40 00007f3df62d968d
0x00007f3dca9b9b20:   00007f3dca9b9b40 0000000000000001
0x00007f3dca9b9b30:   0000000000000002 0000000000000032
0x00007f3dca9b9b40:   00007f3dca9b9b80 00007f3df6323bdd
0x00007f3dca9b9b50:   0000000000000000 0000000000000032
0x00007f3dca9b9b60:   00007f3df00cd800 00007f3df00ce480
0x00007f3dca9b9b70:   00007f3df00cd800 00007f3dca9ba700
0x00007f3dca9b9b80:   00007f3dca9b9c00 00007f3df6353a47
0x00007f3dca9b9b90:   0000000000000000 00007f3df00cd800
0x00007f3dca9b9ba0:   00007f3df00ce570 0000000000000000
0x00007f3dca9b9bb0:   00007f3dca9b9c00 00007f3df61c74d6
0x00007f3dca9b9bc0:   00007f3df00ce590 00007f3df00cd800
0x00007f3dca9b9bd0:   00007f3dca9b9c00 0000000000000000
0x00007f3dca9b9be0:   00007f3df00ce570 00007f3df00ce480
0x00007f3dca9b9bf0:   00007f3df00cd800 00007f3dca9ba700
0x00007f3dca9b9c00:   00007f3dca9b9f50 00007f3df620c918
0x00007f3dca9b9c10:   0000000000000000 0000000000000000
0x00007f3dca9b9c20:   0000000000000000 0000000000000000
0x00007f3dca9b9c30:   0000000000000000 0000000000000000
0x00007f3dca9b9c40:   0000000000000000 0000000000000000
0x00007f3dca9b9c50:   0000000000000000 0000000000000000
0x00007f3dca9b9c60:   0000000000000000 0000000000000000
0x00007f3dca9b9c70:   0000000000000000 0000000000000000
0x00007f3dca9b9c80:   0000000000000000 0000000000000000
0x00007f3dca9b9c90:   0000000000000000 0000000000000000
0x00007f3dca9b9ca0:   0000000000000000 0000000000000000
0x00007f3dca9b9cb0:   0000000000000000 0000000000000000
0x00007f3dca9b9cc0:   0000000000000000 0000000000000000
0x00007f3dca9b9cd0:   0000000000000000 0000000000000000
0x00007f3dca9b9ce0:   0000000000000000 0000000000000000
0x00007f3dca9b9cf0:   0000000000000000 0000000000000000 

Instructions: (pc=0x00007f3df624a5ce)
0x00007f3df624a5ae:   90 90 55 48 89 f8 48 89 e5 53 48 83 ec 08 48 8b
0x00007f3df624a5be:   7f 38 48 85 ff 74 0c 48 8b 58 28 48 8b 07 ff 10
0x00007f3df624a5ce:   48 89 03 48 83 c4 08 5b c9 c3 0f 1f 84 00 00 00
0x00007f3df624a5de:   00 00 55 31 c0 48 85 f6 48 89 e5 74 0e 48 8b 76 

Register to memory mapping:

RAX=0x0000000000811510 is an unknown value
RBX=0x00007f3df74c4420 is an unknown value
RCX=0x0000000000000000 is an unknown value
RDX=0x0000000000000032 is an unknown value
RSP=0x00007f3dca9b9b00 is an unknown value
RBP=0x00007f3dca9b9b10 is an unknown value
RSI=0x0000000000000005 is an unknown value
RDI=0x00007f3df0019570 is an unknown value
R8 =0x00007f3df68a00e0: <offset 0xfb10e0> in /usr/local/java/jdk1.8.0_73/jre/lib/amd64/server/libjvm.so at 0x00007f3df58ef000
R9 =0x0000000000000001 is an unknown value
R10=0x0000000000000000 is an unknown value
R11=0x0000000005dc69e6 is an unknown value
R12=0x0000000000000001 is an unknown value
R13=0x00007f3df001b770 is an unknown value
R14=0x00007f3df0007980 is an unknown value
R15=0x0000000000000032 is an unknown value


Stack: [0x00007f3dca8ba000,0x00007f3dca9bb000],  sp=0x00007f3dca9b9b00,  free space=1022k
Native frames: (J=compiled Java code, j=interpreted, Vv=VM code, C=native code)
V  [libjvm.so+0x95b5ce]  PerfLongVariant::sample()+0x1e
V  [libjvm.so+0x9ea68d]  StatSamplerTask::task()+0x3d
V  [libjvm.so+0xa34bdd]  PeriodicTask::real_time_tick(int)+0x8d
V  [libjvm.so+0xa64a47]  WatcherThread::run()+0x47
V  [libjvm.so+0x91d918]  java_start(Thread*)+0x108


---------------  P R O C E S S  ---------------

Java Threads: ( => current thread )
  0x00007f3df0263800 JavaThread "pool-1-thread-2" [_thread_in_native, id=8288, stack(0x00007f3dca0b6000,0x00007f3dca1b7000)]
  0x00007f3df0262000 JavaThread "pool-1-thread-1" [_thread_in_native, id=8287, stack(0x00007f3dca1b7000,0x00007f3dca2b8000)]
  0x00007f3df0161000 JavaThread "Monitor Ctrl-Break" daemon [_thread_in_native, id=8281, stack(0x00007f3dca56e000,0x00007f3dca66f000)]
  0x00007f3df00ca800 JavaThread "Service Thread" daemon [_thread_blocked, id=8279, stack(0x00007f3dca9bb000,0x00007f3dcaabc000)]
  0x00007f3df00bf000 JavaThread "C1 CompilerThread2" daemon [_thread_blocked, id=8278, stack(0x00007f3dcaabc000,0x00007f3dcabbd000)]
  0x00007f3df00bd800 JavaThread "C2 CompilerThread1" daemon [_thread_blocked, id=8277, stack(0x00007f3dcabbd000,0x00007f3dcacbe000)]
  0x00007f3df00ba800 JavaThread "C2 CompilerThread0" daemon [_thread_blocked, id=8276, stack(0x00007f3dcacbe000,0x00007f3dcadbf000)]
  0x00007f3df00b9000 JavaThread "Signal Dispatcher" daemon [_thread_blocked, id=8275, stack(0x00007f3dcadbf000,0x00007f3dcaec0000)]
  0x00007f3df007d800 JavaThread "Finalizer" daemon [_thread_blocked, id=8274, stack(0x00007f3dcaff0000,0x00007f3dcb0f1000)]
  0x00007f3df007b800 JavaThread "Reference Handler" daemon [_thread_blocked, id=8273, stack(0x00007f3dcb0f1000,0x00007f3dcb1f2000)]
  0x00007f3df0008800 JavaThread "main" [_thread_blocked, id=8267, stack(0x00007f3df73a0000,0x00007f3df74a1000)]

Other Threads:
  0x00007f3df0076000 VMThread [stack: 0x00007f3dcb1f2000,0x00007f3dcb2f3000] [id=8272]
=>0x00007f3df00cd800 WatcherThread [stack: 0x00007f3dca8ba000,0x00007f3dca9bb000] [id=8280]

VM state:not at safepoint (normal execution)

VM Mutex/Monitor currently owned by a thread:  ([mutex/lock_event])
[0x00007f3df0007980] PeriodicTask_lock - owner thread: 0x00007f3df00cd800

Heap:
 PSYoungGen      total 36864K, used 8261K [0x00000000d6f00000, 0x00000000d9800000, 0x0000000100000000)
  eden space 31744K, 26% used [0x00000000d6f00000,0x00000000d7711510,0x00000000d8e00000)
  from space 5120K, 0% used [0x00000000d9300000,0x00000000d9300000,0x00000000d9800000)
  to   space 5120K, 0% used [0x00000000d8e00000,0x00000000d8e00000,0x00000000d9300000)
 ParOldGen       total 84992K, used 0K [0x0000000084c00000, 0x0000000089f00000, 0x00000000d6f00000)
  object space 84992K, 0% used [0x0000000084c00000,0x0000000084c00000,0x0000000089f00000)
 Metaspace       used 4945K, capacity 5132K, committed 5248K, reserved 1056768K
  class space    used 554K, capacity 616K, committed 640K, reserved 1048576K

Card table byte_map: [0x00007f3df45f5000,0x00007f3df49d0000] byte_map_base: 0x00007f3df41cf000

Marking Bits: (ParMarkBitMap*) 0x00007f3df68a4100
 Begin Bits: [0x00007f3dd0260000, 0x00007f3dd2130000)
 End Bits:   [0x00007f3dd2130000, 0x00007f3dd4000000)

Polling page: 0x00007f3df74cc000

CodeCache: size=245760Kb used=1832Kb max_used=1847Kb free=243927Kb
 bounds [0x00007f3de1000000, 0x00007f3de1270000, 0x00007f3df0000000]
 total_blobs=637 nmethods=364 adapters=187
 compilation: enabled

Compilation events (10 events):
Event: 5367.122 Thread 0x00007f3df00ba800 nmethod 360 0x00007f3de11c6c10 code [0x00007f3de11c6e00, 0x00007f3de11c7ec8]
Event: 5367.123 Thread 0x00007f3df00bd800 nmethod 359 0x00007f3de11cb2d0 code [0x00007f3de11cb4e0, 0x00007f3de11cc550]
Event: 5369.108 Thread 0x00007f3df00ba800  361   !   4       java.util.concurrent.locks.AbstractQueuedSynchronizer::acquireQueued (93 bytes)
Event: 5369.112 Thread 0x00007f3df00ba800 nmethod 361 0x00007f3de11c6710 code [0x00007f3de11c6860, 0x00007f3de11c6a18]
Event: 5374.108 Thread 0x00007f3df00ba800  362       4       java.util.concurrent.TimeUnit$4::toNanos (11 bytes)
Event: 5374.109 Thread 0x00007f3df00ba800 nmethod 362 0x00007f3de11bde10 code [0x00007f3de11bdf60, 0x00007f3de11be038]
Event: 5376.108 Thread 0x00007f3df00bd800  363       4       java.util.concurrent.locks.AbstractQueuedSynchronizer::enq (58 bytes)
Event: 5376.110 Thread 0x00007f3df00bd800 nmethod 363 0x00007f3de11c9790 code [0x00007f3de11c98e0, 0x00007f3de11c99f8]
Event: 5376.110 Thread 0x00007f3df00bd800  364   !   4       java.util.concurrent.ThreadPoolExecutor::awaitTermination (88 bytes)
Event: 5376.124 Thread 0x00007f3df00bd800 nmethod 364 0x00007f3de11cfc10 code [0x00007f3de11cfe60, 0x00007f3de11d0e10]

GC Heap History (0 events):
No events

Deoptimization events (0 events):
No events

Internal exceptions (4 events):
Event: 0.039 Thread 0x00007f3df0008800 Exception <a 'java/lang/NoSuchMethodError': Method sun.misc.Unsafe.defineClass(Ljava/lang/String;[BII)Ljava/lang/Class; name or signature does not match> (0x00000000d6f12bf0) thrown at [/HUDSON3/workspace/8-2-build-linux-amd64/jdk8u73/6086/hotspot/src/sha
Event: 0.039 Thread 0x00007f3df0008800 Exception <a 'java/lang/NoSuchMethodError': Method sun.misc.Unsafe.prefetchRead(Ljava/lang/Object;J)V name or signature does not match> (0x00000000d6f12ed8) thrown at [/HUDSON3/workspace/8-2-build-linux-amd64/jdk8u73/6086/hotspot/src/share/vm/prims/jni.cp
Event: 0.218 Thread 0x00007f3df0008800 Exception <a 'java/lang/NoSuchFieldError': method resolution failed> (0x00000000d726de80) thrown at [/HUDSON3/workspace/8-2-build-linux-amd64/jdk8u73/6086/hotspot/src/share/vm/prims/methodHandles.cpp, line 1146]
Event: 0.220 Thread 0x00007f3df0008800 Exception <a 'java/lang/NoSuchFieldError': method resolution failed> (0x00000000d727b5d0) thrown at [/HUDSON3/workspace/8-2-build-linux-amd64/jdk8u73/6086/hotspot/src/share/vm/prims/methodHandles.cpp, line 1146]

Events (10 events):
Event: 0.283 loading class java/io/ObjectInputStream$HandleTable$HandleList done
Event: 0.283 loading class java/io/ObjectInputStream$ValidationList
Event: 0.283 loading class java/io/ObjectInputStream$ValidationList done
Event: 4.104 Executing VM operation: EnableBiasedLocking
Event: 4.104 Executing VM operation: EnableBiasedLocking done
Event: 11.148 loading class java/lang/NumberFormatException
Event: 11.148 loading class java/lang/NumberFormatException done
Event: 11.148 loading class java/math/BigInteger
Event: 11.149 loading class java/math/BigInteger done
Event: 60.262 Thread 0x00007f3df024d800 Thread exited: 0x00007f3df024d800


Dynamic libraries:
00400000-00401000 r-xp 00000000 00:33 1695                               /usr/local/java/jdk1.8.0_73/bin/java
00600000-00601000 rw-p 00000000 00:33 1695                               /usr/local/java/jdk1.8.0_73/bin/java
006d9000-006fa000 rw-p 00000000 00:00 0                                  [heap]
84c00000-89f00000 rw-p 00000000 00:00 0 
89f00000-d6f00000 ---p 00000000 00:00 0 
d6f00000-d9800000 rw-p 00000000 00:00 0 
d9800000-100000000 ---p 00000000 00:00 0 
100000000-1000a0000 rw-p 00000000 00:00 0 
1000a0000-140000000 ---p 00000000 00:00 0 
7f3d94000000-7f3d94053000 rw-p 00000000 00:00 0 
7f3d94053000-7f3d98000000 ---p 00000000 00:00 0 
7f3d98000000-7f3d98021000 rw-p 00000000 00:00 0 
7f3d98021000-7f3d9c000000 ---p 00000000 00:00 0 
7f3d9c000000-7f3d9c038000 rw-p 00000000 00:00 0 
7f3d9c038000-7f3da0000000 ---p 00000000 00:00 0 
7f3da0000000-7f3da028b000 rw-p 00000000 00:00 0 
7f3da028b000-7f3da4000000 ---p 00000000 00:00 0 
7f3da4000000-7f3da4021000 rw-p 00000000 00:00 0 
7f3da4021000-7f3da8000000 ---p 00000000 00:00 0 
7f3da8000000-7f3da828b000 rw-p 00000000 00:00 0 
7f3da828b000-7f3dac000000 ---p 00000000 00:00 0 
7f3dac000000-7f3dac24a000 rw-p 00000000 00:00 0 
7f3dac24a000-7f3db0000000 ---p 00000000 00:00 0 
7f3db0000000-7f3db016d000 rw-p 00000000 00:00 0 
7f3db016d000-7f3db4000000 ---p 00000000 00:00 0 
7f3db4000000-7f3db4021000 rw-p 00000000 00:00 0 
7f3db4021000-7f3db8000000 ---p 00000000 00:00 0 
7f3db8000000-7f3db8258000 rw-p 00000000 00:00 0 
7f3db8258000-7f3dbc000000 ---p 00000000 00:00 0 
7f3dbc000000-7f3dbc021000 rw-p 00000000 00:00 0 
7f3dbc021000-7f3dc0000000 ---p 00000000 00:00 0 
7f3dc0000000-7f3dc0021000 rw-p 00000000 00:00 0 
7f3dc0021000-7f3dc4000000 ---p 00000000 00:00 0 
7f3dc4000000-7f3dc4021000 rw-p 00000000 00:00 0 
7f3dc4021000-7f3dc8000000 ---p 00000000 00:00 0 
7f3dca0b6000-7f3dca0b9000 ---p 00000000 00:00 0 
7f3dca0b9000-7f3dca1b7000 rw-p 00000000 00:00 0                          [stack:8288]
7f3dca1b7000-7f3dca1ba000 ---p 00000000 00:00 0 
7f3dca1ba000-7f3dca2b8000 rw-p 00000000 00:00 0                          [stack:8287]
7f3dca2b8000-7f3dca2ed000 r--s 00000000 00:13 22544                      /run/nscd/dbdZhNrw (deleted)
7f3dca2ed000-7f3dca2f0000 ---p 00000000 00:00 0 
7f3dca2f0000-7f3dca357000 rw-p 00000000 00:00 0 
7f3dca357000-7f3dca36d000 r-xp 00000000 00:33 1779                       /usr/local/java/jdk1.8.0_73/jre/lib/amd64/libnet.so
7f3dca36d000-7f3dca56d000 ---p 00016000 00:33 1779                       /usr/local/java/jdk1.8.0_73/jre/lib/amd64/libnet.so
7f3dca56d000-7f3dca56e000 rw-p 00016000 00:33 1779                       /usr/local/java/jdk1.8.0_73/jre/lib/amd64/libnet.so
7f3dca56e000-7f3dca571000 ---p 00000000 00:00 0 
7f3dca571000-7f3dca66f000 rw-p 00000000 00:00 0                          [stack:8281]
7f3dca66f000-7f3dca670000 r-xp 00000000 08:08 101247154                  /data/android-studio/bin/libbreakgen64.so
7f3dca670000-7f3dca86f000 ---p 00001000 08:08 101247154                  /data/android-studio/bin/libbreakgen64.so
7f3dca86f000-7f3dca870000 r--p 00000000 08:08 101247154                  /data/android-studio/bin/libbreakgen64.so
7f3dca870000-7f3dca871000 rw-p 00001000 08:08 101247154                  /data/android-studio/bin/libbreakgen64.so
7f3dca871000-7f3dca881000 r--s 0013f000 08:07 633631                     /home/mio/.gradle/caches/modules-2/files-2.1/jfree/jfreechart/1.0.12/47e8a2e9e052d292e416a6fd5292a77b54c48fac/jfreechart-1.0.12.jar
7f3dca881000-7f3dca8a8000 r--s 001f6000 08:07 630936                     /home/mio/.gradle/caches/modules-2/files-2.1/org.apache.commons/commons-math3/3.6.1/e4ba98f1d4b3c80ec46392f25e094a6a2e58fcbf/commons-math3-3.6.1.jar
7f3dca8a8000-7f3dca8ba000 r--s 00345000 00:33 2000                       /usr/local/java/jdk1.8.0_73/jre/lib/resources.jar
7f3dca8ba000-7f3dca8bb000 ---p 00000000 00:00 0 
7f3dca8bb000-7f3dca9bb000 rw-p 00000000 00:00 0                          [stack:8280]
7f3dca9bb000-7f3dca9be000 ---p 00000000 00:00 0 
7f3dca9be000-7f3dcaabc000 rw-p 00000000 00:00 0                          [stack:8279]
7f3dcaabc000-7f3dcaabf000 ---p 00000000 00:00 0 
7f3dcaabf000-7f3dcabbd000 rw-p 00000000 00:00 0                          [stack:8278]
7f3dcabbd000-7f3dcabc0000 ---p 00000000 00:00 0 
7f3dcabc0000-7f3dcacbe000 rw-p 00000000 00:00 0                          [stack:8277]
7f3dcacbe000-7f3dcacc1000 ---p 00000000 00:00 0 
7f3dcacc1000-7f3dcadbf000 rw-p 00000000 00:00 0                          [stack:8276]
7f3dcadbf000-7f3dcadc2000 ---p 00000000 00:00 0 
7f3dcadc2000-7f3dcaec0000 rw-p 00000000 00:00 0                          [stack:8275]
7f3dcaec0000-7f3dcaff0000 r--p 00000000 00:25 199329                     /usr/lib/locale/en_US.utf8/LC_COLLATE
7f3dcaff0000-7f3dcaff3000 ---p 00000000 00:00 0 
7f3dcaff3000-7f3dcb0f1000 rw-p 00000000 00:00 0                          [stack:8274]
7f3dcb0f1000-7f3dcb0f4000 ---p 00000000 00:00 0 
7f3dcb0f4000-7f3dcb1f2000 rw-p 00000000 00:00 0                          [stack:8273]
7f3dcb1f2000-7f3dcb1f3000 ---p 00000000 00:00 0 
7f3dcb1f3000-7f3dcc000000 rw-p 00000000 00:00 0                          [stack:8272]
7f3dcc000000-7f3dcc021000 rw-p 00000000 00:00 0 
7f3dcc021000-7f3dd0000000 ---p 00000000 00:00 0 
7f3dd0006000-7f3dd000c000 r--s 00046000 08:07 9755158                    /home/mio/.gradle/caches/modules-2/files-2.1/jfree/jcommon/1.0.15/6495e4f3777a24fd34c1544a8606243a600365c3/jcommon-1.0.15.jar
7f3dd000c000-7f3dd001f000 r--s 000d6000 00:33 1999                       /usr/local/java/jdk1.8.0_73/jre/lib/plugin.jar
7f3dd001f000-7f3dd005e000 r--p 00000000 00:25 199330                     /usr/lib/locale/en_US.utf8/LC_CTYPE
7f3dd005e000-7f3dd4000000 rw-p 00000000 00:00 0 
7f3dd4000000-7f3dd4021000 rw-p 00000000 00:00 0 
7f3dd4021000-7f3dd8000000 ---p 00000000 00:00 0 
7f3dd8000000-7f3dd8021000 rw-p 00000000 00:00 0 
7f3dd8021000-7f3ddc000000 ---p 00000000 00:00 0 
7f3ddc000000-7f3ddc021000 rw-p 00000000 00:00 0 
7f3ddc021000-7f3de0000000 ---p 00000000 00:00 0 
7f3de0000000-7f3de001b000 r--s 00207000 00:33 1884                       /usr/local/java/jdk1.8.0_73/jre/lib/deploy.jar
7f3de001b000-7f3de0025000 r--s 0006b000 00:33 1883                       /usr/local/java/jdk1.8.0_73/jre/lib/javaws.jar
7f3de0025000-7f3de00d7000 rw-p 00000000 00:00 0 
7f3de00d7000-7f3de02af000 r--s 03d23000 00:33 1771                       /usr/local/java/jdk1.8.0_73/jre/lib/rt.jar
7f3de02af000-7f3de07a5000 rw-p 00000000 00:00 0 
7f3de07a5000-7f3de0b25000 ---p 00000000 00:00 0 
7f3de0b25000-7f3de0eff000 rw-p 00000000 00:00 0 
7f3de0eff000-7f3de0f00000 ---p 00000000 00:00 0 
7f3de0f00000-7f3de1000000 rw-p 00000000 00:00 0                          [stack:8271]
7f3de1000000-7f3de1270000 rwxp 00000000 00:00 0 
7f3de1270000-7f3df0000000 ---p 00000000 00:00 0 
7f3df0000000-7f3df0266000 rw-p 00000000 00:00 0 
7f3df0266000-7f3df4000000 ---p 00000000 00:00 0 
7f3df4003000-7f3df4005000 r--s 00016000 08:08 29743099                   /data/android-studio/lib/idea_rt.jar
7f3df4005000-7f3df4060000 rw-p 00000000 00:00 0 
7f3df4060000-7f3df4061000 ---p 00000000 00:00 0 
7f3df4061000-7f3df4161000 rw-p 00000000 00:00 0                          [stack:8270]
7f3df4161000-7f3df4162000 ---p 00000000 00:00 0 
7f3df4162000-7f3df4262000 rw-p 00000000 00:00 0                          [stack:8269]
7f3df4262000-7f3df4263000 ---p 00000000 00:00 0 
7f3df4263000-7f3df438d000 rw-p 00000000 00:00 0                          [stack:8268]
7f3df438d000-7f3df45f5000 ---p 00000000 00:00 0 
7f3df45f5000-7f3df461f000 rw-p 00000000 00:00 0 
7f3df461f000-7f3df4886000 ---p 00000000 00:00 0 
7f3df4886000-7f3df489b000 rw-p 00000000 00:00 0 
7f3df489b000-7f3df49cf000 ---p 00000000 00:00 0 
7f3df49cf000-7f3df49da000 rw-p 00000000 00:00 0 
7f3df49da000-7f3df4d90000 ---p 00000000 00:00 0 
7f3df4d90000-7f3df4daa000 r-xp 00000000 00:33 1800                       /usr/local/java/jdk1.8.0_73/jre/lib/amd64/libzip.so
7f3df4daa000-7f3df4faa000 ---p 0001a000 00:33 1800                       /usr/local/java/jdk1.8.0_73/jre/lib/amd64/libzip.so
7f3df4faa000-7f3df4fab000 rw-p 0001a000 00:33 1800                       /usr/local/java/jdk1.8.0_73/jre/lib/amd64/libzip.so
7f3df4fab000-7f3df4fd5000 r-xp 00000000 00:33 1826                       /usr/local/java/jdk1.8.0_73/jre/lib/amd64/libjava.so
7f3df4fd5000-7f3df51d5000 ---p 0002a000 00:33 1826                       /usr/local/java/jdk1.8.0_73/jre/lib/amd64/libjava.so
7f3df51d5000-7f3df51d7000 rw-p 0002a000 00:33 1826                       /usr/local/java/jdk1.8.0_73/jre/lib/amd64/libjava.so
7f3df51d7000-7f3df51e4000 r-xp 00000000 00:33 1780                       /usr/local/java/jdk1.8.0_73/jre/lib/amd64/libverify.so
7f3df51e4000-7f3df53e4000 ---p 0000d000 00:33 1780                       /usr/local/java/jdk1.8.0_73/jre/lib/amd64/libverify.so
7f3df53e4000-7f3df53e6000 rw-p 0000d000 00:33 1780                       /usr/local/java/jdk1.8.0_73/jre/lib/amd64/libverify.so
7f3df53e6000-7f3df53ed000 r-xp 00000000 00:25 194608                     /lib64/librt-2.19.so
7f3df53ed000-7f3df55ec000 ---p 00007000 00:25 194608                     /lib64/librt-2.19.so
7f3df55ec000-7f3df55ed000 r--p 00006000 00:25 194608                     /lib64/librt-2.19.so
7f3df55ed000-7f3df55ee000 rw-p 00007000 00:25 194608                     /lib64/librt-2.19.so
7f3df55ee000-7f3df56ee000 r-xp 00000000 00:25 194584                     /lib64/libm-2.19.so
7f3df56ee000-7f3df58ed000 ---p 00100000 00:25 194584                     /lib64/libm-2.19.so
7f3df58ed000-7f3df58ee000 r--p 000ff000 00:25 194584                     /lib64/libm-2.19.so
7f3df58ee000-7f3df58ef000 rw-p 00100000 00:25 194584                     /lib64/libm-2.19.so
7f3df58ef000-7f3df65ae000 r-xp 00000000 00:33 1830                       /usr/local/java/jdk1.8.0_73/jre/lib/amd64/server/libjvm.so
7f3df65ae000-7f3df67ad000 ---p 00cbf000 00:33 1830                       /usr/local/java/jdk1.8.0_73/jre/lib/amd64/server/libjvm.so
7f3df67ad000-7f3df6886000 rw-p 00cbe000 00:33 1830                       /usr/local/java/jdk1.8.0_73/jre/lib/amd64/server/libjvm.so
7f3df6886000-7f3df68cf000 rw-p 00000000 00:00 0 
7f3df68cf000-7f3df6a6d000 r-xp 00000000 00:25 194576                     /lib64/libc-2.19.so
7f3df6a6d000-7f3df6c6d000 ---p 0019e000 00:25 194576                     /lib64/libc-2.19.so
7f3df6c6d000-7f3df6c71000 r--p 0019e000 00:25 194576                     /lib64/libc-2.19.so
7f3df6c71000-7f3df6c73000 rw-p 001a2000 00:25 194576                     /lib64/libc-2.19.so
7f3df6c73000-7f3df6c77000 rw-p 00000000 00:00 0 
7f3df6c77000-7f3df6c7a000 r-xp 00000000 00:25 194582                     /lib64/libdl-2.19.so
7f3df6c7a000-7f3df6e79000 ---p 00003000 00:25 194582                     /lib64/libdl-2.19.so
7f3df6e79000-7f3df6e7a000 r--p 00002000 00:25 194582                     /lib64/libdl-2.19.so
7f3df6e7a000-7f3df6e7b000 rw-p 00003000 00:25 194582                     /lib64/libdl-2.19.so
7f3df6e7b000-7f3df6e90000 r-xp 00000000 00:33 914                        /usr/local/java/jdk1.8.0_73/lib/amd64/jli/libjli.so
7f3df6e90000-7f3df7090000 ---p 00015000 00:33 914                        /usr/local/java/jdk1.8.0_73/lib/amd64/jli/libjli.so
7f3df7090000-7f3df7091000 rw-p 00015000 00:33 914                        /usr/local/java/jdk1.8.0_73/lib/amd64/jli/libjli.so
7f3df7091000-7f3df70a9000 r-xp 00000000 00:25 194604                     /lib64/libpthread-2.19.so
7f3df70a9000-7f3df72a8000 ---p 00018000 00:25 194604                     /lib64/libpthread-2.19.so
7f3df72a8000-7f3df72a9000 r--p 00017000 00:25 194604                     /lib64/libpthread-2.19.so
7f3df72a9000-7f3df72aa000 rw-p 00018000 00:25 194604                     /lib64/libpthread-2.19.so
7f3df72aa000-7f3df72ae000 rw-p 00000000 00:00 0 
7f3df72ae000-7f3df72cf000 r-xp 00000000 00:25 194568                     /lib64/ld-2.19.so
7f3df72cf000-7f3df72d0000 rw-p 00000000 00:00 0 
7f3df72d0000-7f3df72d2000 r--s 00006000 08:07 529637                     /home/mio/code/android/BallGame/hostutilities/build/libs/hostutilities.jar
7f3df72d2000-7f3df72d5000 r--s 0001a000 00:33 2030                       /usr/local/java/jdk1.8.0_73/jre/lib/jce.jar
7f3df72d5000-7f3df72da000 r--s 00084000 00:33 1875                       /usr/local/java/jdk1.8.0_73/jre/lib/jfr.jar
7f3df72da000-7f3df736b000 rw-p 00000000 00:00 0 
7f3df736b000-7f3df73a0000 r--s 00000000 00:13 22542                      /run/nscd/passwd
7f3df73a0000-7f3df73a3000 ---p 00000000 00:00 0 
7f3df73a3000-7f3df74a5000 rw-p 00000000 00:00 0                          [stack:8267]
7f3df74a5000-7f3df74a6000 r--s 00000000 00:33 1847                       /usr/local/java/jdk1.8.0_73/jre/lib/management-agent.jar
7f3df74a6000-7f3df74a8000 r--s 00007000 00:33 1841                       /usr/local/java/jdk1.8.0_73/jre/lib/jfxswt.jar
7f3df74a8000-7f3df74ae000 r--s 002f8000 00:33 1724                       /usr/local/java/jdk1.8.0_73/jre/lib/charsets.jar
7f3df74ae000-7f3df74b2000 r--s 00097000 00:33 1723                       /usr/local/java/jdk1.8.0_73/jre/lib/jsse.jar
7f3df74b2000-7f3df74b3000 r--p 00000000 00:25 199351                     /usr/lib/locale/en_US.utf8/LC_NUMERIC
7f3df74b3000-7f3df74b4000 r--p 00000000 00:25 197439                     /usr/lib/locale/en_US.utf8/LC_TIME
7f3df74b4000-7f3df74b5000 r--p 00000000 00:25 197438                     /usr/lib/locale/en_US.utf8/LC_MONETARY
7f3df74b5000-7f3df74b6000 r--p 00000000 00:25 199573                     /usr/lib/locale/en_US.utf8/LC_MESSAGES/SYS_LC_MESSAGES
7f3df74b6000-7f3df74b7000 r--p 00000000 00:25 199526                     /usr/lib/locale/en_US.utf8/LC_PAPER
7f3df74b7000-7f3df74b8000 r--p 00000000 00:25 199473                     /usr/lib/locale/en_US.utf8/LC_NAME
7f3df74b8000-7f3df74b9000 r--p 00000000 00:25 197436                     /usr/lib/locale/en_US.utf8/LC_ADDRESS
7f3df74b9000-7f3df74ba000 r--p 00000000 00:25 199574                     /usr/lib/locale/en_US.utf8/LC_TELEPHONE
7f3df74ba000-7f3df74bb000 r--p 00000000 00:25 199572                     /usr/lib/locale/en_US.utf8/LC_MEASUREMENT
7f3df74bb000-7f3df74c2000 r--s 00000000 00:25 199737                     /usr/lib64/gconv/gconv-modules.cache
7f3df74c2000-7f3df74c3000 r--p 00000000 00:25 197437                     /usr/lib/locale/en_US.utf8/LC_IDENTIFICATION
7f3df74c3000-7f3df74cb000 rw-s 00000000 00:3a 240306                     /tmp/hsperfdata_mio/8266
7f3df74cb000-7f3df74cc000 rw-p 00000000 00:00 0 
7f3df74cc000-7f3df74cd000 r--p 00000000 00:00 0 
7f3df74cd000-7f3df74ce000 rw-p 00000000 00:00 0 
7f3df74ce000-7f3df74cf000 r--p 00020000 00:25 194568                     /lib64/ld-2.19.so
7f3df74cf000-7f3df74d0000 rw-p 00021000 00:25 194568                     /lib64/ld-2.19.so
7f3df74d0000-7f3df74d1000 rw-p 00000000 00:00 0 
7ffd9e341000-7ffd9e363000 rw-p 00000000 00:00 0                          [stack]
7ffd9e38c000-7ffd9e38e000 r--p 00000000 00:00 0                          [vvar]
7ffd9e38e000-7ffd9e390000 r-xp 00000000 00:00 0                          [vdso]
ffffffffff600000-ffffffffff601000 r-xp 00000000 00:00 0                  [vsyscall]

VM Arguments:
jvm_args: -Didea.launcher.port=7540 -Didea.launcher.bin.path=/data/android-studio/bin -Dfile.encoding=UTF-8 
java_command: com.intellij.rt.execution.application.AppMain nju.cs.timingservice.pc.PCHost
java_class_path (initial): /usr/bin/java_sdk/jre/lib/jsse.jar:/usr/bin/java_sdk/jre/lib/charsets.jar:/usr/bin/java_sdk/jre/lib/rt.jar:/usr/bin/java_sdk/jre/lib/jfxswt.jar:/usr/bin/java_sdk/jre/lib/management-agent.jar:/usr/bin/java_sdk/jre/lib/jfr.jar:/usr/bin/java_sdk/jre/lib/javaws.jar:/usr/bin/java_sdk/jre/lib/deploy.jar:/usr/bin/java_sdk/jre/lib/plugin.jar:/usr/bin/java_sdk/jre/lib/resources.jar:/usr/bin/java_sdk/jre/lib/jce.jar:/usr/bin/java_sdk/jre/lib/ext/dnsns.jar:/usr/bin/java_sdk/jre/lib/ext/sunpkcs11.jar:/usr/bin/java_sdk/jre/lib/ext/jfxrt.jar:/usr/bin/java_sdk/jre/lib/ext/sunec.jar:/usr/bin/java_sdk/jre/lib/ext/sunjce_provider.jar:/usr/bin/java_sdk/jre/lib/ext/nashorn.jar:/usr/bin/java_sdk/jre/lib/ext/localedata.jar:/usr/bin/java_sdk/jre/lib/ext/jaccess.jar:/usr/bin/java_sdk/jre/lib/ext/cldrdata.jar:/usr/bin/java_sdk/jre/lib/ext/zipfs.jar:/home/mio/code/android/BallGame/hostutilities/build/classes/main:/home/mio/.gradle/caches/modules-2/files-2.1/org.apache.commons/commons-math3/3.6.1/e4ba98f1d4b3c80ec46392f25e094a6a2e58fcbf/commons-math3-3.6.1.jar:/home/mio/.gradle/caches/modules-2/files-2.1/jfree/jfreechart/1.0.12/47e8a2e9e052d292e416a6fd5292a77b54c48fac/jfreechart-1.0.12.jar:/home/mio/.gradle/caches/modules-2/files-2.1/jfree/jcommon/1.0.15/6495e4f3777a24fd34c1544a8606243a600365c3/jcommon-1.0.15.jar:/home/mio/code/android/BallGame/hostutilities/build/libs/hostutilities.jar:/data/android-studio/lib/idea_rt.jar
Launcher Type: SUN_STANDARD

Environment Variables:
JAVA_HOME=/usr/bin/java_sdk
JRE_HOME=/usr/lib64/jvm/java/jre
PATH=/home/mio/.autojump/bin:/home/mio/bin:/usr/local/bin:/usr/bin:/bin:/usr/bin/X11:/usr/games
USERNAME=mio
LD_LIBRARY_PATH=/data/android-studio/bin:
SHELL=/bin/bash
DISPLAY=:0.0
HOSTTYPE=x86_64
OSTYPE=linux
MACHTYPE=x86_64-suse-linux

Signal Handlers:
SIGSEGV: [libjvm.so+0xabafa0], sa_mask[0]=11111111011111111101111111111110, sa_flags=SA_RESTART|SA_SIGINFO
SIGBUS: [libjvm.so+0xabafa0], sa_mask[0]=11111111011111111101111111111110, sa_flags=SA_RESTART|SA_SIGINFO
SIGFPE: [libjvm.so+0x9183c0], sa_mask[0]=11111111011111111101111111111110, sa_flags=SA_RESTART|SA_SIGINFO
SIGPIPE: [libjvm.so+0x9183c0], sa_mask[0]=11111111011111111101111111111110, sa_flags=SA_RESTART|SA_SIGINFO
SIGXFSZ: [libjvm.so+0x9183c0], sa_mask[0]=11111111011111111101111111111110, sa_flags=SA_RESTART|SA_SIGINFO
SIGILL: [libjvm.so+0x9183c0], sa_mask[0]=11111111011111111101111111111110, sa_flags=SA_RESTART|SA_SIGINFO
SIGUSR1: SIG_DFL, sa_mask[0]=00000000000000000000000000000000, sa_flags=none
SIGUSR2: [libjvm.so+0x9199f0], sa_mask[0]=00100000000000000000000000000000, sa_flags=SA_RESTART|SA_SIGINFO
SIGHUP: [libjvm.so+0x91adf0], sa_mask[0]=11111111011111111101111111111110, sa_flags=SA_RESTART|SA_SIGINFO
SIGINT: [libjvm.so+0x91adf0], sa_mask[0]=11111111011111111101111111111110, sa_flags=SA_RESTART|SA_SIGINFO
SIGTERM: [libjvm.so+0x91adf0], sa_mask[0]=11111111011111111101111111111110, sa_flags=SA_RESTART|SA_SIGINFO
SIGQUIT: [libjvm.so+0x91adf0], sa_mask[0]=11111111011111111101111111111110, sa_flags=SA_RESTART|SA_SIGINFO


---------------  S Y S T E M  ---------------

OS:openSUSE 42.1 (x86_64)
VERSION = 42.1
CODENAME = Malachite
# /etc/SuSE-release is deprecated and will be removed in the future, use /etc/os-release instead

uname:Linux 4.1.21-14-default #1 SMP PREEMPT Sun Apr 17 07:27:45 UTC 2016 (fc187c1) x86_64
libc:glibc 2.19 NPTL 2.19 
rlimit: STACK 8192k, CORE 0k, NPROC 31245, NOFILE 4096, AS infinity
load average:0.74 0.26 0.18

/proc/meminfo:
MemTotal:        8076800 kB
MemFree:         3673160 kB
MemAvailable:    5848316 kB
Buffers:            1212 kB
Cached:          2196920 kB
SwapCached:            0 kB
Active:          2653768 kB
Inactive:        1340288 kB
Active(anon):    1798108 kB
Inactive(anon):   147140 kB
Active(file):     855660 kB
Inactive(file):  1193148 kB
Unevictable:           0 kB
Mlocked:               0 kB
SwapTotal:       2112508 kB
SwapFree:        2112508 kB
Dirty:              2768 kB
Writeback:             0 kB
AnonPages:       1796460 kB
Mapped:           279796 kB
Shmem:            148788 kB
Slab:             219300 kB
SReclaimable:     168672 kB
SUnreclaim:        50628 kB
KernelStack:        9104 kB
PageTables:        28812 kB
NFS_Unstable:          0 kB
Bounce:                0 kB
WritebackTmp:          0 kB
CommitLimit:     6150908 kB
Committed_AS:    3692696 kB
VmallocTotal:   34359738367 kB
VmallocUsed:      374932 kB
VmallocChunk:   34358947836 kB
HardwareCorrupted:     0 kB
AnonHugePages:   1343488 kB
HugePages_Total:       0
HugePages_Free:        0
HugePages_Rsvd:        0
HugePages_Surp:        0
Hugepagesize:       2048 kB
DirectMap4k:      195736 kB
DirectMap2M:     7045120 kB
DirectMap1G:     2097152 kB


CPU:total 4 (2 cores per cpu, 2 threads per core) family 6 model 61 stepping 4, cmov, cx8, fxsr, mmx, sse, sse2, sse3, ssse3, sse4.1, sse4.2, popcnt, avx, avx2, aes, clmul, erms, 3dnowpref, lzcnt, ht, tsc, tscinvbit, bmi1, bmi2, adx

/proc/cpuinfo:
processor	: 0
vendor_id	: GenuineIntel
cpu family	: 6
model		: 61
model name	: Intel(R) Core(TM) i5-5200U CPU @ 2.20GHz
stepping	: 4
microcode	: 0x1d
cpu MHz		: 2466.921
cache size	: 3072 KB
physical id	: 0
siblings	: 4
core id		: 0
cpu cores	: 2
apicid		: 0
initial apicid	: 0
fpu		: yes
fpu_exception	: yes
cpuid level	: 20
wp		: yes
flags		: fpu vme de pse tsc msr pae mce cx8 apic sep mtrr pge mca cmov pat pse36 clflush dts acpi mmx fxsr sse sse2 ss ht tm pbe syscall nx pdpe1gb rdtscp lm constant_tsc arch_perfmon pebs bts rep_good nopl xtopology nonstop_tsc aperfmperf eagerfpu pni pclmulqdq dtes64 monitor ds_cpl vmx est tm2 ssse3 fma cx16 xtpr pdcm pcid sse4_1 sse4_2 x2apic movbe popcnt tsc_deadline_timer aes xsave avx f16c rdrand lahf_lm abm 3dnowprefetch ida arat epb pln pts dtherm intel_pt tpr_shadow vnmi flexpriority ept vpid fsgsbase tsc_adjust bmi1 avx2 smep bmi2 erms invpcid rdseed adx smap xsaveopt
bugs		:
bogomips	: 4389.75
clflush size	: 64
cache_alignment	: 64
address sizes	: 39 bits physical, 48 bits virtual
power management:

processor	: 1
vendor_id	: GenuineIntel
cpu family	: 6
model		: 61
model name	: Intel(R) Core(TM) i5-5200U CPU @ 2.20GHz
stepping	: 4
microcode	: 0x1d
cpu MHz		: 2496.742
cache size	: 3072 KB
physical id	: 0
siblings	: 4
core id		: 1
cpu cores	: 2
apicid		: 2
initial apicid	: 2
fpu		: yes
fpu_exception	: yes
cpuid level	: 20
wp		: yes
flags		: fpu vme de pse tsc msr pae mce cx8 apic sep mtrr pge mca cmov pat pse36 clflush dts acpi mmx fxsr sse sse2 ss ht tm pbe syscall nx pdpe1gb rdtscp lm constant_tsc arch_perfmon pebs bts rep_good nopl xtopology nonstop_tsc aperfmperf eagerfpu pni pclmulqdq dtes64 monitor ds_cpl vmx est tm2 ssse3 fma cx16 xtpr pdcm pcid sse4_1 sse4_2 x2apic movbe popcnt tsc_deadline_timer aes xsave avx f16c rdrand lahf_lm abm 3dnowprefetch ida arat epb pln pts dtherm intel_pt tpr_shadow vnmi flexpriority ept vpid fsgsbase tsc_adjust bmi1 avx2 smep bmi2 erms invpcid rdseed adx smap xsaveopt
bugs		:
bogomips	: 4389.75
clflush size	: 64
cache_alignment	: 64
address sizes	: 39 bits physical, 48 bits virtual
power management:

processor	: 2
vendor_id	: GenuineIntel
cpu family	: 6
model		: 61
model name	: Intel(R) Core(TM) i5-5200U CPU @ 2.20GHz
stepping	: 4
microcode	: 0x1d
cpu MHz		: 2578.468
cache size	: 3072 KB
physical id	: 0
siblings	: 4
core id		: 0
cpu cores	: 2
apicid		: 1
initial apicid	: 1
fpu		: yes
fpu_exception	: yes
cpuid level	: 20
wp		: yes
flags		: fpu vme de pse tsc msr pae mce cx8 apic sep mtrr pge mca cmov pat pse36 clflush dts acpi mmx fxsr sse sse2 ss ht tm pbe syscall nx pdpe1gb rdtscp lm constant_tsc arch_perfmon pebs bts rep_good nopl xtopology nonstop_tsc aperfmperf eagerfpu pni pclmulqdq dtes64 monitor ds_cpl vmx est tm2 ssse3 fma cx16 xtpr pdcm pcid sse4_1 sse4_2 x2apic movbe popcnt tsc_deadline_timer aes xsave avx f16c rdrand lahf_lm abm 3dnowprefetch ida arat epb pln pts dtherm intel_pt tpr_shadow vnmi flexpriority ept vpid fsgsbase tsc_adjust bmi1 avx2 smep bmi2 erms invpcid rdseed adx smap xsaveopt
bugs		:
bogomips	: 4389.75
clflush size	: 64
cache_alignment	: 64
address sizes	: 39 bits physical, 48 bits virtual
power management:

processor	: 3
vendor_id	: GenuineIntel
cpu family	: 6
model		: 61
model name	: Intel(R) Core(TM) i5-5200U CPU @ 2.20GHz
stepping	: 4
microcode	: 0x1d
cpu MHz		: 2496.914
cache size	: 3072 KB
physical id	: 0
siblings	: 4
core id		: 1
cpu cores	: 2
apicid		: 3
initial apicid	: 3
fpu		: yes
fpu_exception	: yes
cpuid level	: 20
wp		: yes
flags		: fpu vme de pse tsc msr pae mce cx8 apic sep mtrr pge mca cmov pat pse36 clflush dts acpi mmx fxsr sse sse2 ss ht tm pbe syscall nx pdpe1gb rdtscp lm constant_tsc arch_perfmon pebs bts rep_good nopl xtopology nonstop_tsc aperfmperf eagerfpu pni pclmulqdq dtes64 monitor ds_cpl vmx est tm2 ssse3 fma cx16 xtpr pdcm pcid sse4_1 sse4_2 x2apic movbe popcnt tsc_deadline_timer aes xsave avx f16c rdrand lahf_lm abm 3dnowprefetch ida arat epb pln pts dtherm intel_pt tpr_shadow vnmi flexpriority ept vpid fsgsbase tsc_adjust bmi1 avx2 smep bmi2 erms invpcid rdseed adx smap xsaveopt
bugs		:
bogomips	: 4389.75
clflush size	: 64
cache_alignment	: 64
address sizes	: 39 bits physical, 48 bits virtual
power management:



Memory: 4k page, physical 8076800k(3672912k free), swap 2112508k(2112508k free)

vm_info: Java HotSpot(TM) 64-Bit Server VM (25.73-b02) for linux-amd64 JRE (1.8.0_73-b02), built on Jan 29 2016 17:39:45 by "java_re" with gcc 4.3.0 20080428 (Red Hat 4.3.0-8)

time: Wed Jun 22 15:15:07 2016
elapsed time: 11784 seconds (0d 3h 16m 24s)

